Performing C++ SOURCE FILE Test HAVE_BIGOBJ failed with the following output:
Change Dir: /home/lance/myWorkspace/vision_env/ceres-solver/OpenLib/ceres-bin/CMakeFiles/CMakeTmp

Run Build Command(s):/usr/bin/make cmTC_fea4f/fast && /usr/bin/make -f CMakeFiles/cmTC_fea4f.dir/build.make CMakeFiles/cmTC_fea4f.dir/build
make[1]: Entering directory '/home/lance/myWorkspace/vision_env/ceres-solver/OpenLib/ceres-bin/CMakeFiles/CMakeTmp'
Building CXX object CMakeFiles/cmTC_fea4f.dir/src.cxx.o
/usr/bin/c++    -DHAVE_BIGOBJ -fPIE   /bigobj -o CMakeFiles/cmTC_fea4f.dir/src.cxx.o -c /home/lance/myWorkspace/vision_env/ceres-solver/OpenLib/ceres-bin/CMakeFiles/CMakeTmp/src.cxx
c++: error: /bigobj: No such file or directory
make[1]: *** [CMakeFiles/cmTC_fea4f.dir/build.make:66: CMakeFiles/cmTC_fea4f.dir/src.cxx.o] Error 1
make[1]: Leaving directory '/home/lance/myWorkspace/vision_env/ceres-solver/OpenLib/ceres-bin/CMakeFiles/CMakeTmp'
make: *** [Makefile:121: cmTC_fea4f/fast] Error 2


Source file was:
int main() { return 0; }
Performing C SOURCE FILE Test CMAKE_HAVE_LIBC_PTHREAD failed with the following output:
Change Dir: /home/lance/myWorkspace/vision_env/ceres-solver/OpenLib/ceres-bin/CMakeFiles/CMakeTmp

Run Build Command(s):/usr/bin/make cmTC_1aa5d/fast && /usr/bin/make -f CMakeFiles/cmTC_1aa5d.dir/build.make CMakeFiles/cmTC_1aa5d.dir/build
make[1]: Entering directory '/home/lance/myWorkspace/vision_env/ceres-solver/OpenLib/ceres-bin/CMakeFiles/CMakeTmp'
Building C object CMakeFiles/cmTC_1aa5d.dir/src.c.o
/usr/bin/cc   -fPIC -DCMAKE_HAVE_LIBC_PTHREAD -fPIE   -o CMakeFiles/cmTC_1aa5d.dir/src.c.o   -c /home/lance/myWorkspace/vision_env/ceres-solver/OpenLib/ceres-bin/CMakeFiles/CMakeTmp/src.c
Linking C executable cmTC_1aa5d
/usr/bin/cmake -E cmake_link_script CMakeFiles/cmTC_1aa5d.dir/link.txt --verbose=1
/usr/bin/cc -fPIC -DCMAKE_HAVE_LIBC_PTHREAD    CMakeFiles/cmTC_1aa5d.dir/src.c.o  -o cmTC_1aa5d 
/usr/bin/ld: CMakeFiles/cmTC_1aa5d.dir/src.c.o: in function `main':
src.c:(.text+0x46): undefined reference to `pthread_create'
/usr/bin/ld: src.c:(.text+0x52): undefined reference to `pthread_detach'
/usr/bin/ld: src.c:(.text+0x63): undefined reference to `pthread_join'
collect2: error: ld returned 1 exit status
make[1]: *** [CMakeFiles/cmTC_1aa5d.dir/build.make:87: cmTC_1aa5d] Error 1
make[1]: Leaving directory '/home/lance/myWorkspace/vision_env/ceres-solver/OpenLib/ceres-bin/CMakeFiles/CMakeTmp'
make: *** [Makefile:121: cmTC_1aa5d/fast] Error 2


Source file was:
#include <pthread.h>

void* test_func(void* data)
{
  return data;
}

int main(void)
{
  pthread_t thread;
  pthread_create(&thread, NULL, test_func, NULL);
  pthread_detach(thread);
  pthread_join(thread, NULL);
  pthread_atfork(NULL, NULL, NULL);
  pthread_exit(NULL);

  return 0;
}

Determining if the function pthread_create exists in the pthreads failed with the following output:
Change Dir: /home/lance/myWorkspace/vision_env/ceres-solver/OpenLib/ceres-bin/CMakeFiles/CMakeTmp

Run Build Command(s):/usr/bin/make cmTC_20566/fast && /usr/bin/make -f CMakeFiles/cmTC_20566.dir/build.make CMakeFiles/cmTC_20566.dir/build
make[1]: Entering directory '/home/lance/myWorkspace/vision_env/ceres-solver/OpenLib/ceres-bin/CMakeFiles/CMakeTmp'
Building C object CMakeFiles/cmTC_20566.dir/CheckFunctionExists.c.o
/usr/bin/cc   -fPIC -DCHECK_FUNCTION_EXISTS=pthread_create -fPIE   -o CMakeFiles/cmTC_20566.dir/CheckFunctionExists.c.o   -c /usr/share/cmake-3.16/Modules/CheckFunctionExists.c
Linking C executable cmTC_20566
/usr/bin/cmake -E cmake_link_script CMakeFiles/cmTC_20566.dir/link.txt --verbose=1
/usr/bin/cc -fPIC -DCHECK_FUNCTION_EXISTS=pthread_create    CMakeFiles/cmTC_20566.dir/CheckFunctionExists.c.o  -o cmTC_20566  -lpthreads 
/usr/bin/ld: cannot find -lpthreads
collect2: error: ld returned 1 exit status
make[1]: *** [CMakeFiles/cmTC_20566.dir/build.make:87: cmTC_20566] Error 1
make[1]: Leaving directory '/home/lance/myWorkspace/vision_env/ceres-solver/OpenLib/ceres-bin/CMakeFiles/CMakeTmp'
make: *** [Makefile:121: cmTC_20566/fast] Error 2



Determining if the function sgemm_ exists failed with the following output:
Change Dir: /home/lance/myWorkspace/vision_env/ceres-solver/OpenLib/ceres-bin/CMakeFiles/CMakeTmp

Run Build Command(s):/usr/bin/make cmTC_4b03a/fast && /usr/bin/make -f CMakeFiles/cmTC_4b03a.dir/build.make CMakeFiles/cmTC_4b03a.dir/build
make[1]: Entering directory '/home/lance/myWorkspace/vision_env/ceres-solver/OpenLib/ceres-bin/CMakeFiles/CMakeTmp'
Building C object CMakeFiles/cmTC_4b03a.dir/CheckFunctionExists.c.o
/usr/bin/cc   -DCHECK_FUNCTION_EXISTS=sgemm_ -fPIE   -o CMakeFiles/cmTC_4b03a.dir/CheckFunctionExists.c.o   -c /usr/share/cmake-3.16/Modules/CheckFunctionExists.c
Linking C executable cmTC_4b03a
/usr/bin/cmake -E cmake_link_script CMakeFiles/cmTC_4b03a.dir/link.txt --verbose=1
/usr/bin/cc  -DCHECK_FUNCTION_EXISTS=sgemm_    CMakeFiles/cmTC_4b03a.dir/CheckFunctionExists.c.o  -o cmTC_4b03a 
/usr/bin/ld: CMakeFiles/cmTC_4b03a.dir/CheckFunctionExists.c.o: in function `main':
CheckFunctionExists.c:(.text+0x14): undefined reference to `sgemm_'
collect2: error: ld returned 1 exit status
make[1]: *** [CMakeFiles/cmTC_4b03a.dir/build.make:87: cmTC_4b03a] Error 1
make[1]: Leaving directory '/home/lance/myWorkspace/vision_env/ceres-solver/OpenLib/ceres-bin/CMakeFiles/CMakeTmp'
make: *** [Makefile:121: cmTC_4b03a/fast] Error 2



Determining if the function cheev_ exists failed with the following output:
Change Dir: /home/lance/myWorkspace/vision_env/ceres-solver/OpenLib/ceres-bin/CMakeFiles/CMakeTmp

Run Build Command(s):/usr/bin/make cmTC_c6d41/fast && /usr/bin/make -f CMakeFiles/cmTC_c6d41.dir/build.make CMakeFiles/cmTC_c6d41.dir/build
make[1]: Entering directory '/home/lance/myWorkspace/vision_env/ceres-solver/OpenLib/ceres-bin/CMakeFiles/CMakeTmp'
Building C object CMakeFiles/cmTC_c6d41.dir/CheckFunctionExists.c.o
/usr/bin/cc   -DCHECK_FUNCTION_EXISTS=cheev_ -fPIE   -o CMakeFiles/cmTC_c6d41.dir/CheckFunctionExists.c.o   -c /usr/share/cmake-3.16/Modules/CheckFunctionExists.c
Linking C executable cmTC_c6d41
/usr/bin/cmake -E cmake_link_script CMakeFiles/cmTC_c6d41.dir/link.txt --verbose=1
/usr/bin/cc  -DCHECK_FUNCTION_EXISTS=cheev_    CMakeFiles/cmTC_c6d41.dir/CheckFunctionExists.c.o  -o cmTC_c6d41  /usr/lib/x86_64-linux-gnu/libf77blas.so /usr/lib/x86_64-linux-gnu/libatlas.so 
/usr/bin/ld: CMakeFiles/cmTC_c6d41.dir/CheckFunctionExists.c.o: in function `main':
CheckFunctionExists.c:(.text+0x14): undefined reference to `cheev_'
collect2: error: ld returned 1 exit status
make[1]: *** [CMakeFiles/cmTC_c6d41.dir/build.make:89: cmTC_c6d41] Error 1
make[1]: Leaving directory '/home/lance/myWorkspace/vision_env/ceres-solver/OpenLib/ceres-bin/CMakeFiles/CMakeTmp'
make: *** [Makefile:121: cmTC_c6d41/fast] Error 2



